// Initial random seed:
1568108037048

// RunInitializeCallbacks():
initializeMutationRate(1e-07);
initializeMutationType(1, 0.5, "f", 0);
initializeGenomicElementType(1, m1, 1);
initializeGenomicElement(g1, 0, 99999);
initializeRecombinationRate(1e-08);

// Starting run at generation <start>:
1 

#OUT: 5000 SS p1 10
Mutations:
12 36005 m1 72724 0 0.5 p1 3591 6
27 36033 m1 90562 0 0.5 p1 3594 4
25 36111 m1 82115 0 0.5 p1 3602 4
10 36821 m1 61029 0 0.5 p1 3674 6
20 36896 m1 30241 0 0.5 p1 3681 4
26 37408 m1 87668 0 0.5 p1 3729 4
11 37543 m1 68900 0 0.5 p1 3743 6
24 37745 m1 63390 0 0.5 p1 3760 4
6 38185 m1 36261 0 0.5 p1 3804 6
23 38888 m1 58313 0 0.5 p1 3876 4
3 39252 m1 21234 0 0.5 p1 3913 6
0 39451 m1 5507 0 0.5 p1 3934 6
4 40164 m1 23296 0 0.5 p1 4003 6
40 42624 m1 77169 0 0.5 p1 4242 2
16 43415 m1 92684 0 0.5 p1 4323 4
13 43840 m1 79632 0 0.5 p1 4363 4
7 44435 m1 38688 0 0.5 p1 4427 4
2 45832 m1 19790 0 0.5 p1 4570 4
1 46069 m1 14646 0 0.5 p1 4593 4
21 46136 m1 30307 0 0.5 p1 4601 4
39 46154 m1 30481 0 0.5 p1 4602 2
14 46164 m1 85135 0 0.5 p1 4604 4
15 46741 m1 92177 0 0.5 p1 4663 2
29 47019 m1 29824 0 0.5 p1 4693 2
31 47173 m1 66742 0 0.5 p1 4707 2
5 47261 m1 30890 0 0.5 p1 4717 2
17 47367 m1 244 0 0.5 p1 4727 4
8 47633 m1 52640 0 0.5 p1 4753 2
28 47823 m1 15266 0 0.5 p1 4773 2
35 48009 m1 63455 0 0.5 p1 4793 3
19 48521 m1 30044 0 0.5 p1 4841 1
30 48923 m1 30955 0 0.5 p1 4882 2
18 49015 m1 26879 0 0.5 p1 4892 1
34 49086 m1 44060 0 0.5 p1 4900 3
22 49426 m1 57078 0 0.5 p1 4934 1
36 49477 m1 77152 0 0.5 p1 4939 3
32 49674 m1 99297 0 0.5 p1 4956 2
9 49828 m1 59612 0 0.5 p1 4972 1
37 49868 m1 52485 0 0.5 p1 4975 1
33 49954 m1 13935 0 0.5 p1 4984 1
41 50035 m1 1867 0 0.5 p1 4992 1
38 50067 m1 65376 0 0.5 p1 4995 1
Genomes:
p1:0 A 0 1 2 3 4 5 6 7 8 9 10 11 12 13 14 15 16
p1:1 A 17 18 19 20 21 22 23 24 25 26 27
p1:2 A 0 1 28 2 3 4 29 30 6 7 10 31 11 12 13 14 16 32
p1:3 A 17 33 20 21 34 23 24 35 36 25 26 27
p1:4 A 0 1 2 3 4 5 6 7 37 8 10 11 12 13 14 15 16
p1:5 A 17 20 21 34 23 24 35 38 36 25 26 27
p1:6 A 0 3 4 39 6 10 11 12 40
p1:7 A 41 0 3 4 39 6 10 11 12 40
p1:8 A 0 1 28 2 3 4 29 30 6 7 10 31 11 12 13 14 16 32
p1:9 A 17 20 21 34 23 24 35 36 25 26 27
